<?xml version="1.0" encoding="UTF-8" ?>
<testsuite errors="0" failures="0" hostname="vfroot-ThinkPad-T430s" name="com.experitest.auto.AndroidDemoTest" skipped="0" tests="1" time="43.151" timestamp="2017-09-18T12:18:45">
  <properties>
[...]
</properties>
  <testcase classname="com.experitest.auto.AndroidDemoTest" name="test" time="43.008" />
  <system-out><![CDATA[Mon Sep 18 17:48:48 IST 2017 [main] Picked up Grid Node (seetest_7777)
Reserved Device : Sony Xperia XZ  -- C7
Link for view: http://92.79.130.103:-1/iOS_Agent_102/#/k9tOEr7vclvTcJkS?1
Mon Sep 18 17:48:48 IST 2017 [main] The method lockDeviceForExecution creating client, HostOrIp: 92.79.130.103, Port: -1, secure: false
Mon Sep 18 17:48:48 IST 2017 [main] Client version: 11.0.5
Mon Sep 18 17:48:54 IST 2017 [main] Lock Device by query: @serialnumber='CB512DLQDM'
Mon Sep 18 17:48:54 IST 2017 [main] Device Information
Name: Sony Xperia XZ  -- C7
S/N: CB512DLQDM
OS: Android
Manufacture: Sony
Model: F8331
Version: 7.1.1
Screen size: 1080x1920
Connected to: 92.79.130.103:8082

Mon Sep 18 17:48:54 IST 2017 [main] The method lockDeviceForExecution success with sessionId 'CLOUD-SID:2017-09-18_14-18-46-913e4d92-7d82-46fd-81f0-3c7734ff730f'
Mon Sep 18 17:48:54 IST 2017 [main] Start test AndroidDemoTest
Mon Sep 18 17:48:54 IST 2017 [main] /private/var/folders/zz/zyxvpxvq6csfxvn_n0000000000000/T/headless/CLOUD-SID_2017-09-18_14-18-46-913e4d92-7d82-46fd-81f0-3c7734ff730f/61b14d07-971f-4ebb-9bc9-b33aba71e392
Mon Sep 18 17:48:55 IST 2017 [main] Device Action: HOME
Mon Sep 18 17:49:14 IST 2017 [main] Launch native activity / URL chrome:http://www.screensavers.com
Mon Sep 18 17:49:15 IST 2017 [main] Wait for 'xpath=//*[@id='backButton']' in zone WEB, timeout: 20000
Mon Sep 18 17:49:15 IST 2017 [main] Found: true
Mon Sep 18 17:49:16 IST 2017 [main] Verify 'xpath=//*[@id='backButton']' is found in zone 'WEB' index 0
Mon Sep 18 17:49:18 IST 2017 [main] Check if 'xpath=//*[@id='backButton']' is found in zone 'WEB' index 0
Mon Sep 18 17:49:18 IST 2017 [main] Found: true
Mon Sep 18 17:49:19 IST 2017 [main] Able to redirect to SecureNet blockage page
Mon Sep 18 17:49:20 IST 2017 [main] /home/vf-root/Documents/SeeTestDemo/reports/grid-test_2017-09-18 05-48-54
Mon Sep 18 17:49:20 IST 2017 [main] Downloading file: /61b14d07-971f-4ebb-9bc9-b33aba71e392 to destination: /home/vf-root/Documents/SeeTestDemo/reports/grid-test_2017-09-18 05-48-54 from remote machine: 92.79.130.103:-1 /iOS_Agent_102; session-ID: CLOUD-SID_2017-09-18_14-18-46-913e4d92-7d82-46fd-81f0-3c7734ff730f
Mon Sep 18 17:49:27 IST 2017 [main] releaseClient
]]></system-out>
  <system-err><![CDATA[]]></system-err>
</testsuite>
